#-----------------------------------------------------------
# Vivado v2018.2 (64-bit)
# SW Build 2258646 on Thu Jun 14 20:03:12 MDT 2018
# IP Build 2256618 on Thu Jun 14 22:10:49 MDT 2018
# Start of session at: Wed Dec  5 23:16:42 2018
# Process ID: 18928
# Current directory: D:/Workspace/ECE_475_FINAL
# Command line: vivado.exe -gui_launcher_event rodinguilauncherevent6828 D:\Workspace\ECE_475_FINAL\ECE_475_FINAL.xpr
# Log file: D:/Workspace/ECE_475_FINAL/vivado.log
# Journal file: D:/Workspace/ECE_475_FINAL\vivado.jou
#-----------------------------------------------------------
start_gui
open_project D:/Workspace/ECE_475_FINAL/ECE_475_FINAL.xpr
Scanning sources...
Finished scanning sources
INFO: [IP_Flow 19-234] Refreshing IP repositories
INFO: [IP_Flow 19-1704] No user IP repositories specified
INFO: [IP_Flow 19-2313] Loaded Vivado IP repository 'C:/Xilinx/Vivado/2018.2/data/ip'.
open_project: Time (s): cpu = 00:00:13 ; elapsed = 00:00:07 . Memory (MB): peak = 920.789 ; gain = 228.371
update_compile_order -fileset sources_1
launch_simulation
INFO: [Vivado 12-5682] Launching behavioral simulation in 'D:/Workspace/ECE_475_FINAL/ECE_475_FINAL.sim/sim_1/behav/xsim'
INFO: [SIM-utils-51] Simulation object is 'sim_1'
INFO: [SIM-utils-54] Inspecting design source files for 'tb_system_cpu' in fileset 'sim_1'...
INFO: [SIM-utils-43] Exported 'D:/Workspace/ECE_475_FINAL/ECE_475_FINAL.sim/sim_1/behav/xsim/mem_8k.mem'
INFO: [USF-XSim-97] Finding global include files...
INFO: [USF-XSim-98] Fetching design files from 'sim_1'...
INFO: [USF-XSim-2] XSim::Compile design
INFO: [USF-XSim-61] Executing 'COMPILE and ANALYZE' step in 'D:/Workspace/ECE_475_FINAL/ECE_475_FINAL.sim/sim_1/behav/xsim'
"xvlog --incr --relax -prj tb_system_cpu_vlog.prj"
INFO: [USF-XSim-69] 'compile' step finished in '1' seconds
INFO: [USF-XSim-3] XSim::Elaborate design
INFO: [USF-XSim-61] Executing 'ELABORATE' step in 'D:/Workspace/ECE_475_FINAL/ECE_475_FINAL.sim/sim_1/behav/xsim'
Vivado Simulator 2018.2
Copyright 1986-1999, 2001-2018 Xilinx, Inc. All Rights Reserved.
Running: C:/Xilinx/Vivado/2018.2/bin/unwrapped/win64.o/xelab.exe -wto 780029e34ef3428181c72da5c28e878e --incr --debug typical --relax --mt 2 -L xil_defaultlib -L unisims_ver -L unimacro_ver -L secureip --snapshot tb_system_cpu_behav xil_defaultlib.tb_system_cpu xil_defaultlib.glbl -log elaborate.log 
Using 2 slave threads.
Starting static elaboration
WARNING: [VRFC 10-278] actual bit length 32 differs from formal bit length 8 for port cc [D:/Workspace/ECE_475_FINAL/ECE_475_FINAL.srcs/sources_1/new/cpu.v:69]
Completed static elaboration
INFO: [XSIM 43-4323] No Change in HDL. Linking previously generated obj files to create kernel
C:/Xilinx/Vivado/2018.2/tps/mingw/6.2.0/win64.o/nt/bin/../lib/gcc/x86_64-w64-mingw32/6.2.0/../../../../x86_64-w64-mingw32/bin/ld.exe: cannot open output file xsim.dir/tb_system_cpu_behav/xsimk.exe: Permission denied
collect2.exe: error: ld returned 1 exit status
INFO: [USF-XSim-69] 'elaborate' step finished in '1' seconds
ERROR: [USF-XSim-62] 'elaborate' step failed with error(s) while executing 'D:/Workspace/ECE_475_FINAL/ECE_475_FINAL.sim/sim_1/behav/xsim/elaborate.bat' script. Please check that the file has the correct 'read/write/execute' permissions and the Tcl console output for any other possible errors or warnings.
ERROR: [Vivado 12-4473] Detected error while running simulation. Please correct the issue and retry this operation.
ERROR: [Common 17-39] 'launch_simulation' failed due to earlier errors.
exit
INFO: [Common 17-206] Exiting Vivado at Wed Dec  5 23:17:53 2018...
